++ [[ -n '' ]]
++ cmake /home/mjongerh/alice/sw/SOURCES/O2Physics/BsTasks/0 -DCMAKE_INSTALL_PREFIX=/home/mjongerh/alice/sw/ubuntu2004_x86-64/O2Physics/BsTasks-local1 -G Ninja -DCMAKE_BUILD_TYPE=RELWITHDEBINFO -DCMAKE_CXX_STANDARD=17 -DCMAKE_EXPORT_COMPILE_COMMANDS=ON -DONNXRuntime_DIR=/home/mjongerh/alice/sw/ubuntu2004_x86-64/ONNXRuntime/v1.7.2-alice1-local5 -DlibjalienO2_ROOT=/home/mjongerh/alice/sw/ubuntu2004_x86-64/libjalienO2/0.1.3-4
-- Limiting workflow compilations in parallel to: 187
CMake Warning (dev) at /home/mjongerh/alice/sw/ubuntu2004_x86-64/CMake/v3.19.2-2/share/cmake-3.19/Modules/FindPackageHandleStandardArgs.cmake:426 (message):
  The package name passed to `find_package_handle_standard_args` (Threads)
  does not match the name of the calling package (O2).  This can lead to
  problems in calling code that expects `find_package` result variables
  (e.g., `_FOUND`) to follow a certain pattern.
Call Stack (most recent call first):
  /home/mjongerh/alice/sw/ubuntu2004_x86-64/CMake/v3.19.2-2/share/cmake-3.19/Modules/FindThreads.cmake:234 (FIND_PACKAGE_HANDLE_STANDARD_ARGS)
  /home/mjongerh/alice/sw/ubuntu2004_x86-64/O2/dev-local14/lib/cmake/O2/O2Dependencies.cmake:30 (include)
  /home/mjongerh/alice/sw/ubuntu2004_x86-64/O2/dev-local14/lib/cmake/O2/O2Config.cmake:12 (include)
  CMakeLists.txt:40 (find_package)
This warning is for project developers.  Use -Wno-dev to suppress it.

CMake Deprecation Warning at /home/mjongerh/alice/sw/ubuntu2004_x86-64/Vc/1.4.1-3/lib/cmake/Vc/VcMacros.cmake:35 (cmake_minimum_required):
  Compatibility with CMake < 2.8.12 will be removed from a future version of
  CMake.

  Update the VERSION argument <min> value or use a ...<max> suffix to tell
  CMake that the project does not need compatibility with older versions.
Call Stack (most recent call first):
  /home/mjongerh/alice/sw/ubuntu2004_x86-64/Vc/1.4.1-3/lib/cmake/Vc/VcConfig.cmake:36 (include)
  /home/mjongerh/alice/sw/ubuntu2004_x86-64/O2/dev-local14/lib/cmake/O2/O2Dependencies.cmake:35 (find_package)
  /home/mjongerh/alice/sw/ubuntu2004_x86-64/O2/dev-local14/lib/cmake/O2/O2Config.cmake:12 (include)
  CMakeLists.txt:40 (find_package)


-- Detected Compiler: GCC 10.2.0
-- Detected CPU: skylake-avx512
-- Found Boost: /home/mjongerh/alice/sw/ubuntu2004_x86-64/boost/v1.75.0-7/lib/cmake/Boost-1.75.0/BoostConfig.cmake (found suitable version "1.75.0", minimum required is "1.70") found components: container thread system timer program_options random filesystem chrono exception regex serialization log log_setup unit_test_framework date_time iostreams 
-- InfoLogger found - using cmake targets in /home/mjongerh/alice/sw/ubuntu2004_x86-64/libInfoLogger/v2.4.1-2/lib/cmake/InfoLogger
-- Found Boost: /home/mjongerh/alice/sw/ubuntu2004_x86-64/boost/v1.75.0-7/lib/cmake/Boost-1.75.0/BoostConfig.cmake (found version "1.75.0")  
-- Configuration 2.6.3 found
-- Monitoring 3.10.1 found
-- Found Boost: /home/mjongerh/alice/sw/ubuntu2004_x86-64/boost/v1.75.0-7/lib/cmake/Boost-1.75.0/BoostConfig.cmake (found suitable version "1.75.0", minimum required is "1.56") found components: unit_test_framework program_options filesystem 
-- Common-O2 1.5.0 found
-- RapidJSON found. Headers: /home/mjongerh/alice/sw/ubuntu2004_x86-64/RapidJSON/v1.1.0-alice2-3/lib/cmake/RapidJSON/../../../include
-- Input BUILD_SIMULATION=OFF
-- Could NOT find FlukaVMC (missing: FlukaVMC_DIR)
-- Output BUILD_SIMULATION=OFF
-- DebugGUI 0.1.0 found
-- Could NOT find OpenCL (missing: OpenCL_LIBRARY OpenCL_INCLUDE_DIR) 
-- Could NOT find OpenCL (missing: OpenCL_LIBRARY OpenCL_INCLUDE_DIR) 
-- adding FastJet contrib
-- The following OPTIONAL packages have been found:

 * VMC
 * pythia, the Pythia8 generator
 * pythia6, the Pythia6 legacy generator
 * Geant3, the legacy but not slow MC transport engine
 * Geant4, more recent and more complete MC transport engine
 * Geant4VMC
 * VGM
 * HepMC3, the HepMC3 event record package
 * MCStepLogger
 * benchmark
 * OpenMP
 * GLEW
 * X11
 * GLUT
 * OpenGL
 * ZLIB
 * LibXml2
 * Clang
 * O2GPU
 * FastJet

-- The following RECOMMENDED packages have been found:

 * DDS
 * GLFW
 * DebugGUI

-- The following REQUIRED packages have been found:

 * O2arrow
 * Vc
 * ROOT (required version >= 6.20.02)
 * fmt
 * FairLogger
 * FairRoot
 * Microsoft.GSL
   Mainly for its span
 * FairMQ
 * InfoLogger
 * Configuration
 * Monitoring
 * boost_headers (required version == 1.75.0)
 * boost_unit_test_framework (required version == 1.75.0)
 * boost_program_options (required version == 1.75.0)
 * boost_filesystem (required version == 1.75.0)
 * Boost (required version >= 1.56)
 * Common
 * RapidJSON
 * CURL
 * libjalienO2
   For CCDB API
 * Threads
 * LibUV
 * LLVM
 * FFTW3f

-- The following OPTIONAL packages have not been found:

 * FlukaVMC
 * AliRoot
   For very specific use cases only
 * OpenCL

-- The following RECOMMENDED packages have not been found:

 * JAliEnROOT
 * XRootD

-- !!! Using new O2 targets. That's a good thing.
-- The following OPTIONAL packages have been found:

 * VMC
 * pythia, the Pythia8 generator
 * pythia6, the Pythia6 legacy generator
 * Geant3, the legacy but not slow MC transport engine
 * Geant4, more recent and more complete MC transport engine
 * Geant4VMC
 * VGM
 * HepMC3, the HepMC3 event record package
 * MCStepLogger
 * benchmark
 * OpenMP
 * GLEW
 * X11
 * GLUT
 * OpenGL
 * ZLIB
 * LibXml2
 * Clang
 * O2GPU
 * FastJet

-- The following RECOMMENDED packages have been found:

 * DDS
 * GLFW
 * DebugGUI

-- The following REQUIRED packages have been found:

 * O2arrow
 * Vc
 * ROOT (required version >= 6.20.02)
 * fmt
 * FairLogger
 * FairRoot
 * Microsoft.GSL
   Mainly for its span
 * FairMQ
 * InfoLogger
 * Configuration
 * Monitoring
 * boost_headers (required version == 1.75.0)
 * boost_unit_test_framework (required version == 1.75.0)
 * boost_program_options (required version == 1.75.0)
 * boost_filesystem (required version == 1.75.0)
 * Boost (required version >= 1.56)
 * Common
 * RapidJSON
 * CURL
 * libjalienO2
   For CCDB API
 * Threads
 * LibUV
 * LLVM
 * FFTW3f
 * O2
 * ONNXRuntime::ONNXRuntime

-- The following OPTIONAL packages have not been found:

 * FlukaVMC
 * AliRoot
   For very specific use cases only
 * OpenCL

-- The following RECOMMENDED packages have not been found:

 * JAliEnROOT
 * XRootD

-- Using build type: RELWITHDEBINFO - CXXFLAGS: -fPIC -O2 -std=c++17 -Wall -O2 -g -DNDEBUG
-- Configuring done
-- Generating done
-- Build files have been written to: /home/mjongerh/alice/sw/BUILD/73c663fd36d2f5319c1c70c878862066cae86603/O2Physics
++ cmake --build . -- -j 96 install
[1/217] Linking CXX executable stage/bin/o2-analysistutorial-ccdbaccess
[2/217] Linking CXX executable stage/bin/o2-analysistutorial-histogram-track-selection
[3/217] Linking CXX executable stage/bin/o2-analysistutorial-using-pdg
[4/217] Linking CXX executable stage/bin/o2-analysistutorial-jet-analysis
[5/217] Linking CXX executable stage/bin/o2-analysis-lf-spectra-tpc-tiny-pikapr
[6/217] Linking CXX executable stage/bin/o2-analysistutorial-muon-iteration
[7/217] Linking CXX executable stage/bin/o2-analysis-lf-spectra-tpc-pikapr
[8/217] Linking CXX executable stage/bin/o2-analysistutorial-conditional-expressions
[9/217] Linking CXX executable stage/bin/o2-analysis-lf-spectra-tof-tiny
[10/217] Linking CXX executable stage/bin/o2-analysis-lf-spectra-charged
[11/217] Linking CXX executable stage/bin/o2-analysistutorial-event-mixing
[12/217] Linking CXX executable stage/bin/o2-analysistutorial-mc-histograms
[13/217] Linking CXX executable stage/bin/o2-analysis-lf-mc-spectra-efficiency
[14/217] Linking CXX executable stage/bin/o2-analysis-lf-spectra-tpc-tiny
[15/217] Linking CXX executable stage/bin/o2-analysis-ud-upc
[16/217] Linking CXX executable stage/bin/o2-analysistutorial-tracks-combinations
[17/217] Linking CXX executable stage/bin/o2-analysis-lf-nuclei-spectra
[18/217] Linking CXX executable stage/bin/o2-analysis-lf-track-checks
[19/217] Linking CXX executable stage/bin/o2-analysis-lf-id-raa
[20/217] Linking CXX executable stage/bin/o2-analysistutorial-multiplicity-event-track-selection
[21/217] Linking CXX executable stage/bin/o2-analysis-lf-nuclei-efficiencylight
[22/217] Linking CXX executable stage/bin/o2-analysis-lf-spectra-tpc
[23/217] Linking CXX executable stage/bin/o2-analysis-lf-nuclei-efficiency
[24/217] Linking CXX executable stage/bin/o2-analysis-ud-upc-forward
[25/217] Linking CXX executable stage/bin/o2-analysis-lf-cascadeanalysis
[26/217] Linking CXX executable stage/bin/o2-analysis-lf-cascadebuilder
[27/217] Linking CXX executable stage/bin/o2-analysistutorial-histogram-registry
[28/217] Linking CXX executable stage/bin/o2-analysis-mm-run2-dndeta
[29/217] Linking CXX executable stage/bin/o2-analysistutorial-dynamic-columns
[30/217] Linking CXX executable stage/bin/o2-analysis-mm-dndeta
[31/217] Linking CXX executable stage/bin/o2-analysistutorial-extended-columns
[32/217] Linking CXX executable stage/bin/o2-analysistutorial-associated-derived
[33/217] Linking CXX executable stage/bin/o2-analysistutorial-multiprocess-example
[34/217] Linking CXX executable stage/bin/o2-analysis-mult-filter
[35/217] Linking CXX executable stage/bin/o2-analysis-lf-lambdakzeroanalysis-mc
[36/217] Linking CXX executable stage/bin/o2-analysis-lf-lambdakzeroanalysis
[37/217] Linking CXX executable stage/bin/o2-analysis-lf-lambdakzerobuilder
[38/217] Generating G__O2PhysicsConfigurableCut.cxx, ../stage/lib/G__O2PhysicsConfigurableCut_rdict.pcm, ../stage/lib/libO2PhysicsConfigurableCut.rootmap
[39/217] Linking CXX executable stage/bin/o2-analysis-lf-lambdakzerofinder
[40/217] Generating G__O2PhysicsCutHolder.cxx, ../stage/lib/G__O2PhysicsCutHolder_rdict.pcm, ../stage/lib/libO2PhysicsCutHolder.rootmap
[41/217] Building CXX object Tutorials/CMakeFiles/O2Physicslib-ConfigurableCut.dir/src/configurableCut.cxx.o
[42/217] Building CXX object EventFiltering/CMakeFiles/O2Physicslib-CutHolder.dir/PWGUD/cutHolder.cxx.o
In file included from /home/mjongerh/alice/sw/SOURCES/O2Physics/BsTasks/0/EventFiltering/PWGUD/cutHolder.cxx:12:
/home/mjongerh/alice/sw/SOURCES/O2Physics/BsTasks/0/EventFiltering/PWGUD/cutHolder.h: In constructor 'cutHolder::cutHolder(bool, bool, int, int, int, int, float, float, float, float, float, float, float, float, float)':
/home/mjongerh/alice/sw/SOURCES/O2Physics/BsTasks/0/EventFiltering/PWGUD/cutHolder.h:87:18: warning: 'cutHolder::mMaxEta' will be initialized after [-Wreorder]
   87 |   float mMinEta, mMaxEta; // range in track eta
      |                  ^~~~~~~
/home/mjongerh/alice/sw/SOURCES/O2Physics/BsTasks/0/EventFiltering/PWGUD/cutHolder.h:80:7: warning:   'int cutHolder::mdeltaBC' [-Wreorder]
   80 |   int mdeltaBC;
      |       ^~~~~~~~
In file included from /home/mjongerh/alice/sw/SOURCES/O2Physics/BsTasks/0/EventFiltering/PWGUD/cutHolder.cxx:12:
/home/mjongerh/alice/sw/SOURCES/O2Physics/BsTasks/0/EventFiltering/PWGUD/cutHolder.h:24:3: warning:   when initialized here [-Wreorder]
   24 |   cutHolder(bool isRun2 = false,
      |   ^~~~~~~~~
[43/217] Building CXX object EventFiltering/CMakeFiles/O2Physicslib-CutHolder.dir/G__O2PhysicsCutHolder.cxx.o
In file included from EventFiltering/G__O2PhysicsCutHolder.cxx:38:
/home/mjongerh/alice/sw/SOURCES/O2Physics/BsTasks/0/EventFiltering/PWGUD/cutHolder.h: In constructor 'cutHolder::cutHolder(bool, bool, int, int, int, int, float, float, float, float, float, float, float, float, float)':
/home/mjongerh/alice/sw/SOURCES/O2Physics/BsTasks/0/EventFiltering/PWGUD/cutHolder.h:87:18: warning: 'cutHolder::mMaxEta' will be initialized after [-Wreorder]
   87 |   float mMinEta, mMaxEta; // range in track eta
      |                  ^~~~~~~
/home/mjongerh/alice/sw/SOURCES/O2Physics/BsTasks/0/EventFiltering/PWGUD/cutHolder.h:80:7: warning:   'int cutHolder::mdeltaBC' [-Wreorder]
   80 |   int mdeltaBC;
      |       ^~~~~~~~
In file included from EventFiltering/G__O2PhysicsCutHolder.cxx:38:
/home/mjongerh/alice/sw/SOURCES/O2Physics/BsTasks/0/EventFiltering/PWGUD/cutHolder.h:24:3: warning:   when initialized here [-Wreorder]
   24 |   cutHolder(bool isRun2 = false,
      |   ^~~~~~~~~
[44/217] Linking CXX shared library stage/lib/libO2PhysicsCutHolder.so
[45/217] Building CXX object Tutorials/CMakeFiles/O2Physicslib-ConfigurableCut.dir/G__O2PhysicsConfigurableCut.cxx.o
[46/217] Linking CXX shared library stage/lib/libO2PhysicsConfigurableCut.so
[47/217] Building CXX object Tutorials/Skimming/CMakeFiles/O2Physicsexe-analysistutorial-jetspectra-task-skim-analyser.dir/jetSpectraAnalyser.cxx.o
[48/217] Building CXX object PWGHF/TableProducer/CMakeFiles/O2Physicsexe-analysis-hf-ds-topikk-candidate-selector.dir/HFDsToPiKKCandidateSelector.cxx.o
FAILED: PWGHF/TableProducer/CMakeFiles/O2Physicsexe-analysis-hf-ds-topikk-candidate-selector.dir/HFDsToPiKKCandidateSelector.cxx.o 
/home/mjongerh/alice/sw/ubuntu2004_x86-64/GCC-Toolchain/v10.2.0-alice2-1/bin/c++ -DBOOST_ALL_NO_LIB -DBOOST_CONTAINER_DYN_LINK -DBOOST_ERROR_CODE_HEADER_ONLY -DBOOST_FILESYSTEM_DYN_LINK -DBOOST_IOSTREAMS_DYN_LINK -DBOOST_PROGRAM_OPTIONS_DYN_LINK -DBOOST_REGEX_DYN_LINK -DBOOST_SERIALIZATION_DYN_LINK -DDPL_ENABLE_BACKTRACE -DFAIRMQ_HAS_STD_FILESYSTEM=1 -DFMT_LOCALE -I/home/mjongerh/alice/sw/SOURCES/O2Physics/BsTasks/0 -I/home/mjongerh/alice/sw/SOURCES/O2Physics/BsTasks/0/Common/Core -isystem /home/mjongerh/alice/sw/ubuntu2004_x86-64/O2/dev-local14/include -isystem /home/mjongerh/alice/sw/ubuntu2004_x86-64/Common-O2/v1.6.0-7/include -isystem /home/mjongerh/alice/sw/ubuntu2004_x86-64/boost/v1.75.0-7/include -isystem /home/mjongerh/alice/sw/ubuntu2004_x86-64/Configuration/v2.6.3-4/include -isystem /home/mjongerh/alice/sw/ubuntu2004_x86-64/libInfoLogger/v2.4.1-2/include -isystem /home/mjongerh/alice/sw/ubuntu2004_x86-64/Monitoring/v3.10.1-2/include -isystem /home/mjongerh/alice/sw/ubuntu2004_x86-64/curl/7.70.0-3/include -isystem /home/mjongerh/alice/sw/ubuntu2004_x86-64/FairMQ/v1.4.43-4/include/fairmq -isystem /home/mjongerh/alice/sw/ubuntu2004_x86-64/FairMQ/v1.4.43-4/include -isystem /home/mjongerh/alice/sw/ubuntu2004_x86-64/FairLogger/v1.10.4-1/include -isystem /home/mjongerh/alice/sw/ubuntu2004_x86-64/fmt/8.0.1-1/include -isystem /home/mjongerh/alice/sw/ubuntu2004_x86-64/ROOT/DevMaurice-local12/include -isystem /home/mjongerh/alice/sw/ubuntu2004_x86-64/O2/dev-local14/include/GPU -isystem /home/mjongerh/alice/sw/ubuntu2004_x86-64/FairRoot/v18.4.2-local14/include -isystem /home/mjongerh/alice/sw/ubuntu2004_x86-64/arrow/v5.0.0-alice3-4/include -isystem /home/mjongerh/alice/sw/ubuntu2004_x86-64/Vc/1.4.1-3/include -isystem /home/mjongerh/alice/sw/ubuntu2004_x86-64/ms_gsl/3.1.0-2/include -isystem /home/mjongerh/alice/sw/ubuntu2004_x86-64/libjalienO2/0.1.3-4/include -isystem /home/mjongerh/alice/sw/ubuntu2004_x86-64/RapidJSON/v1.1.0-alice2-3/include -isystem /home/mjongerh/alice/sw/ubuntu2004_x86-64/libuv/v1.40.0-3/include -fPIC -O2 -std=c++17 -Wall -O2 -g -DNDEBUG -pthread -std=gnu++17 -MD -MT PWGHF/TableProducer/CMakeFiles/O2Physicsexe-analysis-hf-ds-topikk-candidate-selector.dir/HFDsToPiKKCandidateSelector.cxx.o -MF PWGHF/TableProducer/CMakeFiles/O2Physicsexe-analysis-hf-ds-topikk-candidate-selector.dir/HFDsToPiKKCandidateSelector.cxx.o.d -o PWGHF/TableProducer/CMakeFiles/O2Physicsexe-analysis-hf-ds-topikk-candidate-selector.dir/HFDsToPiKKCandidateSelector.cxx.o -c /home/mjongerh/alice/sw/SOURCES/O2Physics/BsTasks/0/PWGHF/TableProducer/HFDsToPiKKCandidateSelector.cxx
In file included from /home/mjongerh/alice/sw/ubuntu2004_x86-64/O2/dev-local14/include/Framework/AnalysisManagers.h:14,
                 from /home/mjongerh/alice/sw/ubuntu2004_x86-64/O2/dev-local14/include/Framework/AnalysisTask.h:15,
                 from /home/mjongerh/alice/sw/SOURCES/O2Physics/BsTasks/0/PWGHF/TableProducer/HFDsToPiKKCandidateSelector.cxx:18:
/home/mjongerh/alice/sw/ubuntu2004_x86-64/O2/dev-local14/include/Framework/AnalysisHelpers.h: In instantiation of 'void o2::framework::WritingCursor<o2::soa::Table<C ...> >::operator()(T ...) [with T = {int}; PC = {o2::aod::hf_selcandidate_ds::IsSelDsKKpi, o2::aod::hf_selcandidate_ds::IsSelDspiKK}]':
/home/mjongerh/alice/sw/SOURCES/O2Physics/BsTasks/0/PWGHF/TableProducer/HFDsToPiKKCandidateSelector.cxx:127:40:   required from here
/home/mjongerh/alice/sw/ubuntu2004_x86-64/O2/dev-local14/include/Framework/AnalysisHelpers.h:43:33: error: static assertion failed: Argument number mismatch
   43 |     static_assert(sizeof...(PC) == sizeof...(T), "Argument number mismatch");
      |                   ~~~~~~~~~~~~~~^~~~~~~~~~~~~~~
/home/mjongerh/alice/sw/ubuntu2004_x86-64/O2/dev-local14/include/Framework/AnalysisHelpers.h:45:11: error: no match for call to '(o2::framework::{anonymous}::memfun_type<void (o2::framework::TableBuilder::persist<{int, int}>::<lambda(unsigned int, o2::framework::BuilderMaker<int>::FillType, o2::framework::BuilderMaker<int>::FillType)>::*)(unsigned int, int, int) const>::type {aka std::function<void(unsigned int, int, int)>}) (int, const int&)'
   45 |     cursor(0, extract(args)...);
      |     ~~~~~~^~~~~~~~~~~~~~~~~~~~~
In file included from /home/mjongerh/alice/sw/ubuntu2004_x86-64/GCC-Toolchain/v10.2.0-alice2-1/include/c++/10.2.0/functional:59,
                 from /home/mjongerh/alice/sw/ubuntu2004_x86-64/O2/dev-local14/include/Framework/ChannelConfigurationPolicyHelpers.h:16,
                 from /home/mjongerh/alice/sw/ubuntu2004_x86-64/O2/dev-local14/include/Framework/ChannelConfigurationPolicy.h:14,
                 from /home/mjongerh/alice/sw/ubuntu2004_x86-64/O2/dev-local14/include/Framework/runDataProcessing.h:14,
                 from /home/mjongerh/alice/sw/SOURCES/O2Physics/BsTasks/0/PWGHF/TableProducer/HFDsToPiKKCandidateSelector.cxx:17:
/home/mjongerh/alice/sw/ubuntu2004_x86-64/GCC-Toolchain/v10.2.0-alice2-1/include/c++/10.2.0/bits/std_function.h:617:5: note: candidate: '_Res std::function<_Res(_ArgTypes ...)>::operator()(_ArgTypes ...) const [with _Res = void; _ArgTypes = {unsigned int, int, int}]'
  617 |     function<_Res(_ArgTypes...)>::
      |     ^~~~~~~~~~~~~~~~~~~~~~~~~~~~
/home/mjongerh/alice/sw/ubuntu2004_x86-64/GCC-Toolchain/v10.2.0-alice2-1/include/c++/10.2.0/bits/std_function.h:617:5: note:   candidate expects 3 arguments, 2 provided
[49/217] Building CXX object EventFiltering/CMakeFiles/O2Physicsexe-analysis-central-event-filter-task.dir/cefpTask.cxx.o
[50/217] Building CXX object Tutorials/CMakeFiles/O2Physicsexe-analysistutorial-configurable-objects.dir/src/configurableObjects.cxx.o
[51/217] Linking CXX executable stage/bin/o2-analysistutorial-jetspectra-task-skim-analyser
[52/217] Building CXX object Common/Tools/CMakeFiles/O2Physicsexe-aod-data-model-graph.dir/aodDataModelGraph.cxx.o
[53/217] Building CXX object Tutorials/Skimming/CMakeFiles/O2Physicsexe-analysistutorial-upcspectra-task-skim-analyser.dir/spectraUPCAnalyser.cxx.o
[54/217] Building CXX object Tutorials/Skimming/CMakeFiles/O2Physicsexe-analysistutorial-tpcspectra-task-skim-analyser.dir/spectraTPCAnalyser.cxx.o
[55/217] Building CXX object Tutorials/Skimming/CMakeFiles/O2Physicsexe-analysistutorial-upcspectra-task-skim-provider.dir/spectraUPCProvider.cxx.o
[56/217] Building CXX object Tutorials/CMakeFiles/O2Physicsexe-analysistutorial-efficiency-global.dir/src/efficiencyGlobal.cxx.o
[57/217] Building CXX object Tutorials/Skimming/CMakeFiles/O2Physicsexe-analysistutorial-jet-task-skim-provider.dir/jetProvider.cxx.o
[58/217] Building CXX object Tutorials/Skimming/CMakeFiles/O2Physicsexe-analysistutorial-nucleispectra-task-skim-analyser.dir/spectraNucleiAnalyser.cxx.o
[59/217] Building CXX object Tutorials/CMakeFiles/O2Physicsexe-analysistutorial-efficiency-per-run.dir/src/efficiencyPerRun.cxx.o
[60/217] Building CXX object EventFiltering/CMakeFiles/O2Physicsexe-analysis-cf-threebodyfemto-filter.dir/PWGCF/CFFilter.cxx.o
[61/217] Building CXX object Tutorials/CMakeFiles/O2Physicsexe-analysistutorial-compatible-bcs.dir/src/compatibleBCs.cxx.o
[62/217] Building CXX object Tutorials/Skimming/CMakeFiles/O2Physicsexe-analysistutorial-jetspectra-task-skim-reference.dir/jetSpectraReference.cxx.o
[63/217] Building CXX object Tutorials/Skimming/CMakeFiles/O2Physicsexe-analysistutorial-nucleispectra-task-skim-provider.dir/spectraNucleiProvider.cxx.o
[64/217] Building CXX object PWGHF/Tasks/CMakeFiles/O2Physicsexe-analysis-hf-task-correlation-ddbar.dir/taskCorrelationDDbar.cxx.o
[65/217] Building CXX object Tutorials/Skimming/CMakeFiles/O2Physicsexe-analysistutorial-upcspectra-task-skim-reference.dir/spectraUPCReference.cxx.o
[66/217] Building CXX object PWGEM/Tasks/CMakeFiles/O2Physicsexe-analysis-em-gammaconversionsmc.dir/gammaConversionsmc.cxx.o
[67/217] Building CXX object EventFiltering/CMakeFiles/O2Physicsexe-analysis-je-filter.dir/PWGJE/jetFilter.cxx.o
[68/217] Building CXX object Tutorials/Skimming/CMakeFiles/O2Physicsexe-analysistutorial-nucleispectra-task-skim-reference.dir/spectraNucleiReference.cxx.o
[69/217] Building CXX object Tutorials/Skimming/CMakeFiles/O2Physicsexe-analysistutorial-tpcspectra-task-skim-reference.dir/spectraTPCReference.cxx.o
[70/217] Building CXX object Tutorials/Skimming/CMakeFiles/O2Physicsexe-analysistutorial-tpcspectra-task-skim-provider.dir/spectraTPCProvider.cxx.o
[71/217] Building CXX object PWGJE/TableProducer/CMakeFiles/O2Physicsexe-analysis-je-jet-finder-hf.dir/jetfinderhf.cxx.o
[72/217] Building CXX object PWGHF/Tasks/CMakeFiles/O2Physicsexe-analysis-hf-task-d0-parametrized-pid-mc.dir/taskD0parametrizedPID.cxx.o
[73/217] Building CXX object PWGHF/TableProducer/CMakeFiles/O2Physicsexe-analysis-hf-dplus-topikpi-candidate-selector.dir/HFDplusToPiKPiCandidateSelector.cxx.o
[74/217] Building CXX object PWGEM/Tasks/CMakeFiles/O2Physicsexe-analysis-em-gammaconversions.dir/gammaConversions.cxx.o
[75/217] Building CXX object PWGHF/TableProducer/CMakeFiles/O2Physicsexe-analysis-hf-xic-topkpi-candidate-selector.dir/HFXicToPKPiCandidateSelector.cxx.o
[76/217] Building CXX object PWGHF/Tasks/CMakeFiles/O2Physicsexe-analysis-hf-task-d0-alice3-forward-mc.dir/taskD0ALICE3Forward.cxx.o
[77/217] Building CXX object EventFiltering/CMakeFiles/O2Physicsexe-analysis-nuclei-filter.dir/nucleiFilter.cxx.o
[78/217] Building CXX object PWGHF/TableProducer/CMakeFiles/O2Physicsexe-analysis-hf-candidate-creator-2prong.dir/HFCandidateCreator2Prong.cxx.o
[79/217] Building CXX object PWGHF/TableProducer/CMakeFiles/O2Physicsexe-analysis-hf-bplus-tod0pi-candidate-selector.dir/HFBPlusToD0PiCandidateSelector.cxx.o
[80/217] Building CXX object PWGHF/Tasks/CMakeFiles/O2Physicsexe-analysis-hf-task-d0-alice3-barrel-mc.dir/taskD0ALICE3Barrel.cxx.o
[81/217] Building CXX object PWGHF/Tasks/CMakeFiles/O2Physicsexe-analysis-hf-task-lc-alice3-mc.dir/taskLcALICE3.cxx.o
[82/217] Building CXX object PWGHF/TableProducer/CMakeFiles/O2Physicsexe-analysis-hf-candidate-creator-x.dir/HFCandidateCreatorX.cxx.o
[83/217] Building CXX object PWGHF/TableProducer/CMakeFiles/O2Physicsexe-analysis-hf-xicc-topkpipi-candidate-selector.dir/HFXiccToPKPiPiCandidateSelector.cxx.o
[84/217] Building CXX object PWGHF/Tasks/CMakeFiles/O2Physicsexe-analysis-hf-mc-validation.dir/HFMCValidation.cxx.o
[85/217] Building CXX object PWGHF/TableProducer/CMakeFiles/O2Physicsexe-analysis-hf-bs-todspi-candidate-selector.dir/HFBsToDsPiCandidateSelector.cxx.o
[86/217] Building CXX object PWGHF/TableProducer/CMakeFiles/O2Physicsexe-analysis-hf-d0-candidate-selector.dir/HFD0CandidateSelector.cxx.o
[87/217] Building CXX object EventFiltering/CMakeFiles/O2Physicsexe-analysis-diffraction-filter.dir/PWGUD/diffractionFilter.cxx.o
/home/mjongerh/alice/sw/SOURCES/O2Physics/BsTasks/0/EventFiltering/PWGUD/diffractionFilter.cxx:20:1: warning: multi-line comment [-Wcomment]
   20 | ///        usage: o2-analysis-timestamp --aod-file AO2D.root | \
      | ^
In file included from /home/mjongerh/alice/sw/SOURCES/O2Physics/BsTasks/0/EventFiltering/PWGUD/diffractionFilter.cxx:45:
/home/mjongerh/alice/sw/SOURCES/O2Physics/BsTasks/0/EventFiltering/PWGUD/cutHolder.h: In constructor 'cutHolder::cutHolder(bool, bool, int, int, int, int, float, float, float, float, float, float, float, float, float)':
/home/mjongerh/alice/sw/SOURCES/O2Physics/BsTasks/0/EventFiltering/PWGUD/cutHolder.h:87:18: warning: 'cutHolder::mMaxEta' will be initialized after [-Wreorder]
   87 |   float mMinEta, mMaxEta; // range in track eta
      |                  ^~~~~~~
/home/mjongerh/alice/sw/SOURCES/O2Physics/BsTasks/0/EventFiltering/PWGUD/cutHolder.h:80:7: warning:   'int cutHolder::mdeltaBC' [-Wreorder]
   80 |   int mdeltaBC;
      |       ^~~~~~~~
In file included from /home/mjongerh/alice/sw/SOURCES/O2Physics/BsTasks/0/EventFiltering/PWGUD/diffractionFilter.cxx:45:
/home/mjongerh/alice/sw/SOURCES/O2Physics/BsTasks/0/EventFiltering/PWGUD/cutHolder.h:24:3: warning:   when initialized here [-Wreorder]
   24 |   cutHolder(bool isRun2 = false,
      |   ^~~~~~~~~
In file included from /home/mjongerh/alice/sw/SOURCES/O2Physics/BsTasks/0/EventFiltering/PWGUD/diffractionFilter.cxx:46:
/home/mjongerh/alice/sw/SOURCES/O2Physics/BsTasks/0/EventFiltering/PWGUD/diffractionSelectors.h: In instantiation of 'bool DGSelector::IsSelected(cutHolder, const CC&, BC&, BCs&, TCs&, MUs&) [with CC = o2::soa::Table<o2::soa::Index<0, -1>, o2::aod::collision::BCId, o2::aod::collision::PosX, o2::aod::collision::PosY, o2::aod::collision::PosZ, o2::aod::collision::CovXX, o2::aod::collision::CovXY, o2::aod::collision::CovXZ, o2::aod::collision::CovYY, o2::aod::collision::CovYZ, o2::aod::collision::CovZZ, o2::aod::collision::Flags, o2::aod::collision::Chi2, o2::aod::collision::NumContrib, o2::aod::collision::CollisionTime, o2::aod::collision::CollisionTimeRes, o2::aod::evsel::Alias, o2::aod::evsel::Selection, o2::aod::evsel::BBV0A, o2::aod::evsel::BBV0C, o2::aod::evsel::BGV0A, o2::aod::evsel::BGV0C, o2::aod::evsel::BBFDA, o2::aod::evsel::BBFDC, o2::aod::evsel::BGFDA, o2::aod::evsel::BGFDC, o2::aod::evsel::MultRingV0A, o2::aod::evsel::MultRingV0C, o2::aod::evsel::SpdClusters, o2::aod::evsel::NTracklets, o2::aod::evsel::Sel7, o2::aod::evsel::Sel8, o2::aod::evsel::FoundFT0>::RowViewBase<o2::soa::FilteredIndexPolicy, o2::soa::FilteredBase<o2::soa::Join<o2::soa::Table<o2::soa::Index<0, -1>, o2::aod::collision::BCId, o2::aod::collision::PosX, o2::aod::collision::PosY, o2::aod::collision::PosZ, o2::aod::collision::CovXX, o2::aod::collision::CovXY, o2::aod::collision::CovXZ, o2::aod::collision::CovYY, o2::aod::collision::CovYZ, o2::aod::collision::CovZZ, o2::aod::collision::Flags, o2::aod::collision::Chi2, o2::aod::collision::NumContrib, o2::aod::collision::CollisionTime, o2::aod::collision::CollisionTimeRes>, o2::soa::Table<o2::aod::evsel::Alias, o2::aod::evsel::Selection, o2::aod::evsel::BBV0A, o2::aod::evsel::BBV0C, o2::aod::evsel::BGV0A, o2::aod::evsel::BGV0C, o2::aod::evsel::BBFDA, o2::aod::evsel::BBFDC, o2::aod::evsel::BGFDA, o2::aod::evsel::BGFDC, o2::aod::evsel::MultRingV0A, o2::aod::evsel::MultRingV0C, o2::aod::evsel::SpdClusters, o2::aod::evsel::NTracklets, o2::aod::evsel::Sel7, o2::aod::evsel::Sel8, o2::aod::evsel::FoundFT0> > >, o2::soa::Table<o2::soa::Index<0, -1>, o2::aod::collision::BCId, o2::aod::collision::PosX, o2::aod::collision::PosY, o2::aod::collision::PosZ, o2::aod::collision::CovXX, o2::aod::collision::CovXY, o2::aod::collision::CovXZ, o2::aod::collision::CovYY, o2::aod::collision::CovYZ, o2::aod::collision::CovZZ, o2::aod::collision::Flags, o2::aod::collision::Chi2, o2::aod::collision::NumContrib, o2::aod::collision::CollisionTime, o2::aod::collision::CollisionTimeRes>, o2::soa::Table<o2::aod::evsel::Alias, o2::aod::evsel::Selection, o2::aod::evsel::BBV0A, o2::aod::evsel::BBV0C, o2::aod::evsel::BGV0A, o2::aod::evsel::BGV0C, o2::aod::evsel::BBFDA, o2::aod::evsel::BBFDC, o2::aod::evsel::BGFDA, o2::aod::evsel::BGFDC, o2::aod::evsel::MultRingV0A, o2::aod::evsel::MultRingV0C, o2::aod::evsel::SpdClusters, o2::aod::evsel::NTracklets, o2::aod::evsel::Sel7, o2::aod::evsel::Sel8, o2::aod::evsel::FoundFT0> >; BC = o2::soa::Table<o2::soa::Index<0, -1>, o2::aod::bc::RunNumber, o2::aod::bc::GlobalBC, o2::aod::bc::TriggerMask, o2::aod::run2::EventCuts, o2::aod::run2::TriggerMaskNext50, o2::aod::run2::L0TriggerInputMask, o2::aod::run2::SPDClustersL0, o2::aod::run2::SPDClustersL1, o2::aod::run2::SPDFiredChipsL0, o2::aod::run2::SPDFiredChipsL1, o2::aod::run2::SPDFiredFastOrL0, o2::aod::run2::SPDFiredFastOrL1, o2::aod::run2::V0TriggerChargeA, o2::aod::run2::V0TriggerChargeC, o2::aod::evsel::Alias, o2::aod::evsel::Selection, o2::aod::evsel::BBV0A, o2::aod::evsel::BBV0C, o2::aod::evsel::BGV0A, o2::aod::evsel::BGV0C, o2::aod::evsel::BBFDA, o2::aod::evsel::BBFDC, o2::aod::evsel::BGFDA, o2::aod::evsel::BGFDC, o2::aod::evsel::MultRingV0A, o2::aod::evsel::MultRingV0C, o2::aod::evsel::SpdClusters, o2::aod::evsel::FoundFT0, o2::aod::indices::BCId, o2::aod::indices::ZdcId, o2::aod::indices::FT0Id, o2::aod::indices::FV0AId, o2::aod::indices::FV0CId, o2::aod::indices::FDDId>::RowViewBase<o2::soa::DefaultIndexPolicy, o2::soa::Table<o2::soa::Index<0, -1>, o2::aod::bc::RunNumber, o2::aod::bc::GlobalBC, o2::aod::bc::TriggerMask, o2::aod::run2::EventCuts, o2::aod::run2::TriggerMaskNext50, o2::aod::run2::L0TriggerInputMask, o2::aod::run2::SPDClustersL0, o2::aod::run2::SPDClustersL1, o2::aod::run2::SPDFiredChipsL0, o2::aod::run2::SPDFiredChipsL1, o2::aod::run2::SPDFiredFastOrL0, o2::aod::run2::SPDFiredFastOrL1, o2::aod::run2::V0TriggerChargeA, o2::aod::run2::V0TriggerChargeC, o2::aod::evsel::Alias, o2::aod::evsel::Selection, o2::aod::evsel::BBV0A, o2::aod::evsel::BBV0C, o2::aod::evsel::BGV0A, o2::aod::evsel::BGV0C, o2::aod::evsel::BBFDA, o2::aod::evsel::BBFDC, o2::aod::evsel::BGFDA, o2::aod::evsel::BGFDC, o2::aod::evsel::MultRingV0A, o2::aod::evsel::MultRingV0C, o2::aod::evsel::SpdClusters, o2::aod::evsel::FoundFT0, o2::aod::indices::BCId, o2::aod::indices::ZdcId, o2::aod::indices::FT0Id, o2::aod::indices::FV0AId, o2::aod::indices::FV0CId, o2::aod::indices::FDDId>, o2::soa::Table<o2::soa::Index<0, -1>, o2::aod::bc::RunNumber, o2::aod::bc::GlobalBC, o2::aod::bc::TriggerMask, o2::aod::run2::EventCuts, o2::aod::run2::TriggerMaskNext50, o2::aod::run2::L0TriggerInputMask, o2::aod::run2::SPDClustersL0, o2::aod::run2::SPDClustersL1, o2::aod::run2::SPDFiredChipsL0, o2::aod::run2::SPDFiredChipsL1, o2::aod::run2::SPDFiredFastOrL0, o2::aod::run2::SPDFiredFastOrL1, o2::aod::run2::V0TriggerChargeA, o2::aod::run2::V0TriggerChargeC, o2::aod::evsel::Alias, o2::aod::evsel::Selection, o2::aod::evsel::BBV0A, o2::aod::evsel::BBV0C, o2::aod::evsel::BGV0A, o2::aod::evsel::BGV0C, o2::aod::evsel::BBFDA, o2::aod::evsel::BBFDC, o2::aod::evsel::BGFDA, o2::aod::evsel::BGFDC, o2::aod::evsel::MultRingV0A, o2::aod::evsel::MultRingV0C, o2::aod::evsel::SpdClusters, o2::aod::evsel::FoundFT0, o2::aod::indices::BCId, o2::aod::indices::ZdcId, o2::aod::indices::FT0Id, o2::aod::indices::FV0AId, o2::aod::indices::FV0CId, o2::aod::indices::FDDId> >; BCs = o2::framework::Partition<o2::soa::Join<o2::soa::Table<o2::soa::Index<0, -1>, o2::aod::bc::RunNumber, o2::aod::bc::GlobalBC, o2::aod::bc::TriggerMask>, o2::soa::Table<o2::aod::run2::EventCuts, o2::aod::run2::TriggerMaskNext50, o2::aod::run2::L0TriggerInputMask, o2::aod::run2::SPDClustersL0, o2::aod::run2::SPDClustersL1, o2::aod::run2::SPDFiredChipsL0, o2::aod::run2::SPDFiredChipsL1, o2::aod::run2::SPDFiredFastOrL0, o2::aod::run2::SPDFiredFastOrL1, o2::aod::run2::V0TriggerChargeA, o2::aod::run2::V0TriggerChargeC>, o2::soa::Table<o2::aod::evsel::Alias, o2::aod::evsel::Selection, o2::aod::evsel::BBV0A, o2::aod::evsel::BBV0C, o2::aod::evsel::BGV0A, o2::aod::evsel::BGV0C, o2::aod::evsel::BBFDA, o2::aod::evsel::BBFDC, o2::aod::evsel::BGFDA, o2::aod::evsel::BGFDC, o2::aod::evsel::MultRingV0A, o2::aod::evsel::MultRingV0C, o2::aod::evsel::SpdClusters, o2::aod::evsel::FoundFT0>, o2::aod::Run2MatchedToBCSparse> >; TCs = o2::soa::Join<o2::soa::Join<o2::aod::TracksExtension, o2::soa::Table<o2::soa::Index<0, -1>, o2::aod::track::CollisionId, o2::aod::track::TrackType, o2::aod::track::X, o2::aod::track::Alpha, o2::aod::track::Y, o2::aod::track::Z, o2::aod::track::Snp, o2::aod::track::Tgl, o2::aod::track::Signed1Pt, o2::aod::track::Px<o2::aod::track::Signed1Pt, o2::aod::track::Snp, o2::aod::track::Alpha>, o2::aod::track::Py<o2::aod::track::Signed1Pt, o2::aod::track::Snp, o2::aod::track::Alpha>, o2::aod::track::Pz<o2::aod::track::Signed1Pt, o2::aod::track::Tgl>, o2::aod::track::Sign<o2::aod::track::Signed1Pt> > >, o2::soa::Join<o2::aod::TracksExtraExtension, o2::soa::Table<o2::aod::track::TPCInnerParam, o2::aod::track::Flags, o2::aod::track::ITSClusterMap, o2::aod::track::TPCNClsFindable, o2::aod::track::TPCNClsFindableMinusFound, o2::aod::track::TPCNClsFindableMinusCrossedRows, o2::aod::track::TPCNClsShared, o2::aod::track::TRDPattern, o2::aod::track::ITSChi2NCl, o2::aod::track::TPCChi2NCl, o2::aod::track::TRDChi2, o2::aod::track::TOFChi2, o2::aod::track::TPCSignal, o2::aod::track::TRDSignal, o2::aod::track::Length, o2::aod::track::TOFExpMom, o2::aod::track::PIDForTracking<o2::aod::track::Flags>, o2::aod::track::IsPVContributor<o2::aod::track::Flags>, o2::aod::track::HasITS<o2::aod::track::DetectorMap>, o2::aod::track::HasTPC<o2::aod::track::DetectorMap>, o2::aod::track::HasTRD<o2::aod::track::DetectorMap>, o2::aod::track::HasTOF<o2::aod::track::DetectorMap>, o2::aod::track::TPCNClsFound<o2::aod::track::TPCNClsFindable, o2::aod::track::TPCNClsFindableMinusFound>, o2::aod::track::TPCNClsCrossedRows<o2::aod::track::TPCNClsFindable, o2::aod::track::TPCNClsFindableMinusCrossedRows>, o2::aod::track::ITSNCls<o2::aod::track::ITSClusterMap>, o2::aod::track::ITSNClsInnerBarrel<o2::aod::track::ITSClusterMap>, o2::aod::track::TPCCrossedRowsOverFindableCls<o2::aod::track::TPCNClsFindable, o2::aod::track::TPCNClsFindableMinusCrossedRows>, o2::aod::track::TPCFoundOverFindableCls<o2::aod::track::TPCNClsFindable, o2::aod::track::TPCNClsFindableMinusFound>, o2::aod::track::TPCFractionSharedCls<o2::aod::track::TPCNClsShared, o2::aod::track::TPCNClsFindable, o2::aod::track::TPCNClsFindableMinusFound>, o2::aod::track::TrackEtaEMCAL, o2::aod::track::TrackPhiEMCAL, o2::aod::track::TrackTime, o2::aod::track::TrackTimeRes> >, o2::soa::Table<o2::aod::pidtofsignal::TOFSignal>, o2::soa::Table<o2::aod::pidtpc_tiny::TPCNSigmaStoreEl, o2::aod::pidtpc_tiny::TPCNSigmaEl<o2::aod::pidtpc_tiny::TPCNSigmaStoreEl> >, o2::soa::Table<o2::aod::pidtpc_tiny::TPCNSigmaStoreMu, o2::aod::pidtpc_tiny::TPCNSigmaMu<o2::aod::pidtpc_tiny::TPCNSigmaStoreMu> >, o2::soa::Table<o2::aod::pidtpc_tiny::TPCNSigmaStorePi, o2::aod::pidtpc_tiny::TPCNSigmaPi<o2::aod::pidtpc_tiny::TPCNSigmaStorePi> >, o2::soa::Table<o2::aod::pidtpc_tiny::TPCNSigmaStoreKa, o2::aod::pidtpc_tiny::TPCNSigmaKa<o2::aod::pidtpc_tiny::TPCNSigmaStoreKa> >, o2::soa::Table<o2::aod::pidtpc_tiny::TPCNSigmaStorePr, o2::aod::pidtpc_tiny::TPCNSigmaPr<o2::aod::pidtpc_tiny::TPCNSigmaStorePr> >, o2::soa::Table<o2::aod::pidtof_tiny::TOFNSigmaStoreEl, o2::aod::pidtof_tiny::TOFNSigmaEl<o2::aod::pidtof_tiny::TOFNSigmaStoreEl> >, o2::soa::Table<o2::aod::pidtof_tiny::TOFNSigmaStoreMu, o2::aod::pidtof_tiny::TOFNSigmaMu<o2::aod::pidtof_tiny::TOFNSigmaStoreMu> >, o2::soa::Table<o2::aod::pidtof_tiny::TOFNSigmaStorePi, o2::aod::pidtof_tiny::TOFNSigmaPi<o2::aod::pidtof_tiny::TOFNSigmaStorePi> >, o2::soa::Table<o2::aod::pidtof_tiny::TOFNSigmaStoreKa, o2::aod::pidtof_tiny::TOFNSigmaKa<o2::aod::pidtof_tiny::TOFNSigmaStoreKa> >, o2::soa::Table<o2::aod::pidtof_tiny::TOFNSigmaStorePr, o2::aod::pidtof_tiny::TOFNSigmaPr<o2::aod::pidtof_tiny::TOFNSigmaStorePr> >, o2::soa::Table<o2::aod::track::IsGlobalTrack, o2::aod::track::IsGlobalTrackSDD> >; MUs = o2::soa::Join<o2::aod::FwdTracksExtension, o2::soa::Table<o2::soa::Index<0, -1>, o2::aod::fwdtrack::CollisionId, o2::aod::fwdtrack::TrackType, o2::aod::fwdtrack::X, o2::aod::fwdtrack::Y, o2::aod::fwdtrack::Z, o2::aod::fwdtrack::Phi, o2::aod::fwdtrack::Tgl, o2::aod::fwdtrack::Signed1Pt, o2::aod::fwdtrack::NClusters, o2::aod::fwdtrack::PDca, o2::aod::fwdtrack::RAtAbsorberEnd, o2::aod::fwdtrack::Px<o2::aod::fwdtrack::Pt, o2::aod::fwdtrack::Phi>, o2::aod::fwdtrack::Py<o2::aod::fwdtrack::Pt, o2::aod::fwdtrack::Phi>, o2::aod::fwdtrack::Pz<o2::aod::fwdtrack::Pt, o2::aod::fwdtrack::Tgl>, o2::aod::fwdtrack::Sign<o2::aod::fwdtrack::Signed1Pt>, o2::aod::fwdtrack::Chi2, o2::aod::fwdtrack::Chi2MatchMCHMID, o2::aod::fwdtrack::Chi2MatchMCHMFT, o2::aod::fwdtrack::MatchScoreMCHMFT, o2::aod::fwdtrack::MFTTrackId, o2::aod::fwdtrack::MCHTrackId, o2::aod::fwdtrack::MCHBitMap, o2::aod::fwdtrack::MIDBitMap, o2::aod::fwdtrack::MIDBoards, o2::aod::fwdtrack::TrackTime, o2::aod::fwdtrack::TrackTimeRes> >]':
/home/mjongerh/alice/sw/SOURCES/O2Physics/BsTasks/0/EventFiltering/PWGUD/diffractionFilter.cxx:100:91:   required from here
/home/mjongerh/alice/sw/SOURCES/O2Physics/BsTasks/0/EventFiltering/PWGUD/diffractionSelectors.h:71:12: warning: unused variable 'goodPID' [-Wunused-variable]
   71 |       auto goodPID = hasGoodPID(diffCuts, track);
      |            ^~~~~~~
/home/mjongerh/alice/sw/SOURCES/O2Physics/BsTasks/0/EventFiltering/PWGUD/diffractionSelectors.h: In instantiation of 'bool DGSelector::IsSelected(cutHolder, const CC&, BC&, BCs&, TCs&, MUs&) [with CC = o2::soa::Table<o2::soa::Index<0, -1>, o2::aod::collision::BCId, o2::aod::collision::PosX, o2::aod::collision::PosY, o2::aod::collision::PosZ, o2::aod::collision::CovXX, o2::aod::collision::CovXY, o2::aod::collision::CovXZ, o2::aod::collision::CovYY, o2::aod::collision::CovYZ, o2::aod::collision::CovZZ, o2::aod::collision::Flags, o2::aod::collision::Chi2, o2::aod::collision::NumContrib, o2::aod::collision::CollisionTime, o2::aod::collision::CollisionTimeRes, o2::aod::evsel::Alias, o2::aod::evsel::Selection, o2::aod::evsel::BBV0A, o2::aod::evsel::BBV0C, o2::aod::evsel::BGV0A, o2::aod::evsel::BGV0C, o2::aod::evsel::BBFDA, o2::aod::evsel::BBFDC, o2::aod::evsel::BGFDA, o2::aod::evsel::BGFDC, o2::aod::evsel::MultRingV0A, o2::aod::evsel::MultRingV0C, o2::aod::evsel::SpdClusters, o2::aod::evsel::NTracklets, o2::aod::evsel::Sel7, o2::aod::evsel::Sel8, o2::aod::evsel::FoundFT0>::RowViewBase<o2::soa::FilteredIndexPolicy, o2::soa::FilteredBase<o2::soa::Join<o2::soa::Table<o2::soa::Index<0, -1>, o2::aod::collision::BCId, o2::aod::collision::PosX, o2::aod::collision::PosY, o2::aod::collision::PosZ, o2::aod::collision::CovXX, o2::aod::collision::CovXY, o2::aod::collision::CovXZ, o2::aod::collision::CovYY, o2::aod::collision::CovYZ, o2::aod::collision::CovZZ, o2::aod::collision::Flags, o2::aod::collision::Chi2, o2::aod::collision::NumContrib, o2::aod::collision::CollisionTime, o2::aod::collision::CollisionTimeRes>, o2::soa::Table<o2::aod::evsel::Alias, o2::aod::evsel::Selection, o2::aod::evsel::BBV0A, o2::aod::evsel::BBV0C, o2::aod::evsel::BGV0A, o2::aod::evsel::BGV0C, o2::aod::evsel::BBFDA, o2::aod::evsel::BBFDC, o2::aod::evsel::BGFDA, o2::aod::evsel::BGFDC, o2::aod::evsel::MultRingV0A, o2::aod::evsel::MultRingV0C, o2::aod::evsel::SpdClusters, o2::aod::evsel::NTracklets, o2::aod::evsel::Sel7, o2::aod::evsel::Sel8, o2::aod::evsel::FoundFT0> > >, o2::soa::Table<o2::soa::Index<0, -1>, o2::aod::collision::BCId, o2::aod::collision::PosX, o2::aod::collision::PosY, o2::aod::collision::PosZ, o2::aod::collision::CovXX, o2::aod::collision::CovXY, o2::aod::collision::CovXZ, o2::aod::collision::CovYY, o2::aod::collision::CovYZ, o2::aod::collision::CovZZ, o2::aod::collision::Flags, o2::aod::collision::Chi2, o2::aod::collision::NumContrib, o2::aod::collision::CollisionTime, o2::aod::collision::CollisionTimeRes>, o2::soa::Table<o2::aod::evsel::Alias, o2::aod::evsel::Selection, o2::aod::evsel::BBV0A, o2::aod::evsel::BBV0C, o2::aod::evsel::BGV0A, o2::aod::evsel::BGV0C, o2::aod::evsel::BBFDA, o2::aod::evsel::BBFDC, o2::aod::evsel::BGFDA, o2::aod::evsel::BGFDC, o2::aod::evsel::MultRingV0A, o2::aod::evsel::MultRingV0C, o2::aod::evsel::SpdClusters, o2::aod::evsel::NTracklets, o2::aod::evsel::Sel7, o2::aod::evsel::Sel8, o2::aod::evsel::FoundFT0> >; BC = o2::soa::Table<o2::soa::Index<0, -1>, o2::aod::bc::RunNumber, o2::aod::bc::GlobalBC, o2::aod::bc::TriggerMask, o2::aod::evsel::Alias, o2::aod::evsel::Selection, o2::aod::evsel::BBV0A, o2::aod::evsel::BBV0C, o2::aod::evsel::BGV0A, o2::aod::evsel::BGV0C, o2::aod::evsel::BBFDA, o2::aod::evsel::BBFDC, o2::aod::evsel::BGFDA, o2::aod::evsel::BGFDC, o2::aod::evsel::MultRingV0A, o2::aod::evsel::MultRingV0C, o2::aod::evsel::SpdClusters, o2::aod::evsel::FoundFT0, o2::aod::indices::BCId, o2::aod::indices::ZdcId, o2::aod::indices::FT0Id, o2::aod::indices::FV0AId, o2::aod::indices::FDDId>::RowViewBase<o2::soa::DefaultIndexPolicy, o2::soa::Table<o2::soa::Index<0, -1>, o2::aod::bc::RunNumber, o2::aod::bc::GlobalBC, o2::aod::bc::TriggerMask, o2::aod::evsel::Alias, o2::aod::evsel::Selection, o2::aod::evsel::BBV0A, o2::aod::evsel::BBV0C, o2::aod::evsel::BGV0A, o2::aod::evsel::BGV0C, o2::aod::evsel::BBFDA, o2::aod::evsel::BBFDC, o2::aod::evsel::BGFDA, o2::aod::evsel::BGFDC, o2::aod::evsel::MultRingV0A, o2::aod::evsel::MultRingV0C, o2::aod::evsel::SpdClusters, o2::aod::evsel::FoundFT0, o2::aod::indices::BCId, o2::aod::indices::ZdcId, o2::aod::indices::FT0Id, o2::aod::indices::FV0AId, o2::aod::indices::FDDId>, o2::soa::Table<o2::soa::Index<0, -1>, o2::aod::bc::RunNumber, o2::aod::bc::GlobalBC, o2::aod::bc::TriggerMask, o2::aod::evsel::Alias, o2::aod::evsel::Selection, o2::aod::evsel::BBV0A, o2::aod::evsel::BBV0C, o2::aod::evsel::BGV0A, o2::aod::evsel::BGV0C, o2::aod::evsel::BBFDA, o2::aod::evsel::BBFDC, o2::aod::evsel::BGFDA, o2::aod::evsel::BGFDC, o2::aod::evsel::MultRingV0A, o2::aod::evsel::MultRingV0C, o2::aod::evsel::SpdClusters, o2::aod::evsel::FoundFT0, o2::aod::indices::BCId, o2::aod::indices::ZdcId, o2::aod::indices::FT0Id, o2::aod::indices::FV0AId, o2::aod::indices::FDDId> >; BCs = o2::soa::Join<o2::soa::Table<o2::soa::Index<0, -1>, o2::aod::bc::RunNumber, o2::aod::bc::GlobalBC, o2::aod::bc::TriggerMask>, o2::soa::Table<o2::aod::evsel::Alias, o2::aod::evsel::Selection, o2::aod::evsel::BBV0A, o2::aod::evsel::BBV0C, o2::aod::evsel::BGV0A, o2::aod::evsel::BGV0C, o2::aod::evsel::BBFDA, o2::aod::evsel::BBFDC, o2::aod::evsel::BGFDA, o2::aod::evsel::BGFDC, o2::aod::evsel::MultRingV0A, o2::aod::evsel::MultRingV0C, o2::aod::evsel::SpdClusters, o2::aod::evsel::FoundFT0>, o2::aod::Run3MatchedToBCSparse>; TCs = o2::soa::Filtered<o2::soa::Join<o2::soa::Join<o2::aod::TracksExtension, o2::soa::Table<o2::soa::Index<0, -1>, o2::aod::track::CollisionId, o2::aod::track::TrackType, o2::aod::track::X, o2::aod::track::Alpha, o2::aod::track::Y, o2::aod::track::Z, o2::aod::track::Snp, o2::aod::track::Tgl, o2::aod::track::Signed1Pt, o2::aod::track::Px<o2::aod::track::Signed1Pt, o2::aod::track::Snp, o2::aod::track::Alpha>, o2::aod::track::Py<o2::aod::track::Signed1Pt, o2::aod::track::Snp, o2::aod::track::Alpha>, o2::aod::track::Pz<o2::aod::track::Signed1Pt, o2::aod::track::Tgl>, o2::aod::track::Sign<o2::aod::track::Signed1Pt> > >, o2::soa::Join<o2::aod::TracksExtraExtension, o2::soa::Table<o2::aod::track::TPCInnerParam, o2::aod::track::Flags, o2::aod::track::ITSClusterMap, o2::aod::track::TPCNClsFindable, o2::aod::track::TPCNClsFindableMinusFound, o2::aod::track::TPCNClsFindableMinusCrossedRows, o2::aod::track::TPCNClsShared, o2::aod::track::TRDPattern, o2::aod::track::ITSChi2NCl, o2::aod::track::TPCChi2NCl, o2::aod::track::TRDChi2, o2::aod::track::TOFChi2, o2::aod::track::TPCSignal, o2::aod::track::TRDSignal, o2::aod::track::Length, o2::aod::track::TOFExpMom, o2::aod::track::PIDForTracking<o2::aod::track::Flags>, o2::aod::track::IsPVContributor<o2::aod::track::Flags>, o2::aod::track::HasITS<o2::aod::track::DetectorMap>, o2::aod::track::HasTPC<o2::aod::track::DetectorMap>, o2::aod::track::HasTRD<o2::aod::track::DetectorMap>, o2::aod::track::HasTOF<o2::aod::track::DetectorMap>, o2::aod::track::TPCNClsFound<o2::aod::track::TPCNClsFindable, o2::aod::track::TPCNClsFindableMinusFound>, o2::aod::track::TPCNClsCrossedRows<o2::aod::track::TPCNClsFindable, o2::aod::track::TPCNClsFindableMinusCrossedRows>, o2::aod::track::ITSNCls<o2::aod::track::ITSClusterMap>, o2::aod::track::ITSNClsInnerBarrel<o2::aod::track::ITSClusterMap>, o2::aod::track::TPCCrossedRowsOverFindableCls<o2::aod::track::TPCNClsFindable, o2::aod::track::TPCNClsFindableMinusCrossedRows>, o2::aod::track::TPCFoundOverFindableCls<o2::aod::track::TPCNClsFindable, o2::aod::track::TPCNClsFindableMinusFound>, o2::aod::track::TPCFractionSharedCls<o2::aod::track::TPCNClsShared, o2::aod::track::TPCNClsFindable, o2::aod::track::TPCNClsFindableMinusFound>, o2::aod::track::TrackEtaEMCAL, o2::aod::track::TrackPhiEMCAL, o2::aod::track::TrackTime, o2::aod::track::TrackTimeRes> >, o2::soa::Table<o2::aod::pidtofsignal::TOFSignal>, o2::soa::Table<o2::aod::pidtpc::TPCExpSignalDiffEl<o2::aod::pidtpc::TPCNSigmaEl, o2::aod::pidtpc::TPCExpSigmaEl>, o2::aod::pidtpc::TPCExpSigmaEl, o2::aod::pidtpc::TPCNSigmaEl>, o2::soa::Table<o2::aod::pidtpc::TPCExpSignalDiffMu<o2::aod::pidtpc::TPCNSigmaMu, o2::aod::pidtpc::TPCExpSigmaMu>, o2::aod::pidtpc::TPCExpSigmaMu, o2::aod::pidtpc::TPCNSigmaMu>, o2::soa::Table<o2::aod::pidtpc::TPCExpSignalDiffPi<o2::aod::pidtpc::TPCNSigmaPi, o2::aod::pidtpc::TPCExpSigmaPi>, o2::aod::pidtpc::TPCExpSigmaPi, o2::aod::pidtpc::TPCNSigmaPi>, o2::soa::Table<o2::aod::pidtpc::TPCExpSignalDiffKa<o2::aod::pidtpc::TPCNSigmaKa, o2::aod::pidtpc::TPCExpSigmaKa>, o2::aod::pidtpc::TPCExpSigmaKa, o2::aod::pidtpc::TPCNSigmaKa>, o2::soa::Table<o2::aod::pidtpc::TPCExpSignalDiffPr<o2::aod::pidtpc::TPCNSigmaPr, o2::aod::pidtpc::TPCExpSigmaPr>, o2::aod::pidtpc::TPCExpSigmaPr, o2::aod::pidtpc::TPCNSigmaPr>, o2::soa::Table<o2::aod::pidtof::TOFExpSignalDiffEl<o2::aod::pidtof::TOFNSigmaEl, o2::aod::pidtof::TOFExpSigmaEl>, o2::aod::pidtof::TOFExpSigmaEl, o2::aod::pidtof::TOFNSigmaEl>, o2::soa::Table<o2::aod::pidtof::TOFExpSignalDiffMu<o2::aod::pidtof::TOFNSigmaMu, o2::aod::pidtof::TOFExpSigmaMu>, o2::aod::pidtof::TOFExpSigmaMu, o2::aod::pidtof::TOFNSigmaMu>, o2::soa::Table<o2::aod::pidtof::TOFExpSignalDiffPi<o2::aod::pidtof::TOFNSigmaPi, o2::aod::pidtof::TOFExpSigmaPi>, o2::aod::pidtof::TOFExpSigmaPi, o2::aod::pidtof::TOFNSigmaPi>, o2::soa::Table<o2::aod::pidtof::TOFExpSignalDiffKa<o2::aod::pidtof::TOFNSigmaKa, o2::aod::pidtof::TOFExpSigmaKa>, o2::aod::pidtof::TOFExpSigmaKa, o2::aod::pidtof::TOFNSigmaKa>, o2::soa::Table<o2::aod::pidtof::TOFExpSignalDiffPr<o2::aod::pidtof::TOFNSigmaPr, o2::aod::pidtof::TOFExpSigmaPr>, o2::aod::pidtof::TOFExpSigmaPr, o2::aod::pidtof::TOFNSigmaPr>, o2::soa::Table<o2::aod::track::IsGlobalTrack, o2::aod::track::IsGlobalTrackSDD> > >; MUs = o2::soa::Join<o2::aod::FwdTracksExtension, o2::soa::Table<o2::soa::Index<0, -1>, o2::aod::fwdtrack::CollisionId, o2::aod::fwdtrack::TrackType, o2::aod::fwdtrack::X, o2::aod::fwdtrack::Y, o2::aod::fwdtrack::Z, o2::aod::fwdtrack::Phi, o2::aod::fwdtrack::Tgl, o2::aod::fwdtrack::Signed1Pt, o2::aod::fwdtrack::NClusters, o2::aod::fwdtrack::PDca, o2::aod::fwdtrack::RAtAbsorberEnd, o2::aod::fwdtrack::Px<o2::aod::fwdtrack::Pt, o2::aod::fwdtrack::Phi>, o2::aod::fwdtrack::Py<o2::aod::fwdtrack::Pt, o2::aod::fwdtrack::Phi>, o2::aod::fwdtrack::Pz<o2::aod::fwdtrack::Pt, o2::aod::fwdtrack::Tgl>, o2::aod::fwdtrack::Sign<o2::aod::fwdtrack::Signed1Pt>, o2::aod::fwdtrack::Chi2, o2::aod::fwdtrack::Chi2MatchMCHMID, o2::aod::fwdtrack::Chi2MatchMCHMFT, o2::aod::fwdtrack::MatchScoreMCHMFT, o2::aod::fwdtrack::MFTTrackId, o2::aod::fwdtrack::MCHTrackId, o2::aod::fwdtrack::MCHBitMap, o2::aod::fwdtrack::MIDBitMap, o2::aod::fwdtrack::MIDBoards, o2::aod::fwdtrack::TrackTime, o2::aod::fwdtrack::TrackTimeRes> >]':
/home/mjongerh/alice/sw/SOURCES/O2Physics/BsTasks/0/EventFiltering/PWGUD/diffractionFilter.cxx:154:87:   required from here
/home/mjongerh/alice/sw/SOURCES/O2Physics/BsTasks/0/EventFiltering/PWGUD/diffractionSelectors.h:71:12: warning: unused variable 'goodPID' [-Wunused-variable]
[88/217] Building CXX object PWGHF/TableProducer/CMakeFiles/O2Physicsexe-analysis-hf-lc-tok0sp-candidate-selector.dir/HFLcK0sPCandidateSelector.cxx.o
[89/217] Building CXX object PWGHF/TableProducer/CMakeFiles/O2Physicsexe-analysis-hf-lc-candidate-selector.dir/HFLcCandidateSelector.cxx.o
[90/217] Building CXX object EventFiltering/CMakeFiles/O2Physicsexe-analysis-lf-strangeness-filter.dir/PWGLF/strangenessFilter.cxx.o
[91/217] Building CXX object PWGHF/TableProducer/CMakeFiles/O2Physicsexe-analysis-hf-candidate-creator-3prong.dir/HFCandidateCreator3Prong.cxx.o
[92/217] Building CXX object PWGHF/TableProducer/CMakeFiles/O2Physicsexe-analysis-hf-x-tojpsipipi-candidate-selector.dir/HFXToJpsiPiPiCandidateSelector.cxx.o
[93/217] Building CXX object PWGHF/Tasks/CMakeFiles/O2Physicsexe-analysis-hf-task-chic.dir/taskChic.cxx.o
[94/217] Building CXX object PWGHF/Tasks/CMakeFiles/O2Physicsexe-analysis-hf-sel-optimisation.dir/HFSelOptimisation.cxx.o
[95/217] Building CXX object PWGHF/TableProducer/CMakeFiles/O2Physicsexe-analysis-hf-tree-creator-xicc-topkpipi.dir/HFTreeCreatorXiccToPKPiPi.cxx.o
[96/217] Building CXX object PWGHF/Tasks/CMakeFiles/O2Physicsexe-analysis-hf-task-jpsi.dir/taskJpsi.cxx.o
[97/217] Building CXX object PWGHF/Tasks/CMakeFiles/O2Physicsexe-analysis-hf-task-lc-parametrized-pid-mc.dir/taskLcparametrizedPID.cxx.o
[98/217] Building CXX object PWGHF/TableProducer/CMakeFiles/O2Physicsexe-analysis-hf-candidate-creator-cascade.dir/HFCandidateCreatorCascade.cxx.o
[99/217] Building CXX object PWGHF/TableProducer/CMakeFiles/O2Physicsexe-analysis-hf-lb-tolcpi-candidate-selector.dir/HFLbToLcPiCandidateSelector.cxx.o
[100/217] Building CXX object PWGHF/TableProducer/CMakeFiles/O2Physicsexe-analysis-hf-chic-tojpsigamma-candidate-selector.dir/HFChicToJpsiGammaCandidateSelector.cxx.o
[101/217] Building CXX object PWGHF/Tasks/CMakeFiles/O2Physicsexe-analysis-hf-task-lc-centrality.dir/taskLcCentrality.cxx.o
[102/217] Building CXX object PWGHF/Tasks/CMakeFiles/O2Physicsexe-analysis-hf-correlator-dplusdminus.dir/HFCorrelatorDplusDminus.cxx.o
[103/217] Building CXX object PWGHF/Tasks/CMakeFiles/O2Physicsexe-analysis-hf-task-xicc.dir/taskXicc.cxx.o
[104/217] Building CXX object PWGHF/Tasks/CMakeFiles/O2Physicsexe-analysis-hf-correlator-d0d0bar-barrel-full-pid.dir/HFCorrelatorD0D0barBarrelFullPID.cxx.o
[105/217] Building CXX object PWGHF/Tasks/CMakeFiles/O2Physicsexe-analysis-hf-task-xic.dir/taskXic.cxx.o
[106/217] Building CXX object PWGHF/TableProducer/CMakeFiles/O2Physicsexe-analysis-hf-candidate-creator-bs.dir/HFCandidateCreatorBs.cxx.o
[107/217] Building CXX object PWGHF/Tasks/CMakeFiles/O2Physicsexe-analysis-hf-task-dplus.dir/taskDPlus.cxx.o
[108/217] Building CXX object PWGHF/Tasks/CMakeFiles/O2Physicsexe-analysis-hf-task-d0.dir/taskD0.cxx.o
[109/217] Building CXX object PWGHF/Tasks/CMakeFiles/O2Physicsexe-analysis-hf-task-x.dir/taskX.cxx.o
[110/217] Building CXX object PWGHF/TableProducer/CMakeFiles/O2Physicsexe-analysis-hf-d0-candidate-selector-alice3-barrel.dir/HFD0CandidateSelectorALICE3Barrel.cxx.o
[111/217] Building CXX object PWGHF/TableProducer/CMakeFiles/O2Physicsexe-analysis-hf-candidate-creator-chic.dir/HFCandidateCreatorChic.cxx.o
[112/217] Building CXX object PWGHF/TableProducer/CMakeFiles/O2Physicsexe-analysis-hf-candidate-creator-bplus.dir/HFCandidateCreatorBPlus.cxx.o
[113/217] Building CXX object PWGHF/Tasks/CMakeFiles/O2Physicsexe-analysis-hf-task-lc-tok0sp.dir/taskLcK0sP.cxx.o
[114/217] Building CXX object PWGHF/TableProducer/CMakeFiles/O2Physicsexe-analysis-hf-lc-candidate-selector-parametrized-pid.dir/HFLcCandidateSelectorparametrizedPID.cxx.o
[115/217] Building CXX object PWGHF/TableProducer/CMakeFiles/O2Physicsexe-analysis-hf-candidate-creator-xicc.dir/HFCandidateCreatorXicc.cxx.o
[116/217] Building CXX object PWGHF/Tasks/CMakeFiles/O2Physicsexe-analysis-hf-correlator-d0d0bar.dir/HFCorrelatorD0D0bar.cxx.o
[117/217] Building CXX object PWGHF/TableProducer/CMakeFiles/O2Physicsexe-analysis-hf-jpsi-candidate-selector.dir/HFJpsiCandidateSelector.cxx.o
[118/217] Building CXX object PWGHF/Tasks/CMakeFiles/O2Physicsexe-analysis-hf-task-lc.dir/taskLc.cxx.o
[119/217] Building CXX object PWGHF/TableProducer/CMakeFiles/O2Physicsexe-analysis-hf-tree-creator-x-tojpsipipi.dir/HFTreeCreatorXToJpsiPiPi.cxx.o
[120/217] Building CXX object PWGHF/TableProducer/CMakeFiles/O2Physicsexe-analysis-hf-candidate-creator-lb.dir/HFCandidateCreatorLb.cxx.o
[121/217] Building CXX object PWGLF/TableProducer/CMakeFiles/O2Physicsexe-analysis-lf-cascadefinder.dir/cascadefinder.cxx.o
/home/mjongerh/alice/sw/SOURCES/O2Physics/BsTasks/0/PWGLF/TableProducer/cascadefinder.cxx: In member function 'void cascadefinder::process(const Collision&, const o2::soa::Join<o2::soa::Join<o2::soa::Join<o2::aod::TracksExtension, o2::soa::Table<o2::soa::Index<0, -1>, o2::aod::track::CollisionId, o2::aod::track::TrackType, o2::aod::track::X, o2::aod::track::Alpha, o2::aod::track::Y, o2::aod::track::Z, o2::aod::track::Snp, o2::aod::track::Tgl, o2::aod::track::Signed1Pt, o2::aod::track::Px<o2::aod::track::Signed1Pt, o2::aod::track::Snp, o2::aod::track::Alpha>, o2::aod::track::Py<o2::aod::track::Signed1Pt, o2::aod::track::Snp, o2::aod::track::Alpha>, o2::aod::track::Pz<o2::aod::track::Signed1Pt, o2::aod::track::Tgl>, o2::aod::track::Sign<o2::aod::track::Signed1Pt> > >, o2::soa::Join<o2::aod::TracksExtraExtension, o2::soa::Table<o2::aod::track::TPCInnerParam, o2::aod::track::Flags, o2::aod::track::ITSClusterMap, o2::aod::track::TPCNClsFindable, o2::aod::track::TPCNClsFindableMinusFound, o2::aod::track::TPCNClsFindableMinusCrossedRows, o2::aod::track::TPCNClsShared, o2::aod::track::TRDPattern, o2::aod::track::ITSChi2NCl, o2::aod::track::TPCChi2NCl, o2::aod::track::TRDChi2, o2::aod::track::TOFChi2, o2::aod::track::TPCSignal, o2::aod::track::TRDSignal, o2::aod::track::Length, o2::aod::track::TOFExpMom, o2::aod::track::PIDForTracking<o2::aod::track::Flags>, o2::aod::track::IsPVContributor<o2::aod::track::Flags>, o2::aod::track::HasITS<o2::aod::track::DetectorMap>, o2::aod::track::HasTPC<o2::aod::track::DetectorMap>, o2::aod::track::HasTRD<o2::aod::track::DetectorMap>, o2::aod::track::HasTOF<o2::aod::track::DetectorMap>, o2::aod::track::TPCNClsFound<o2::aod::track::TPCNClsFindable, o2::aod::track::TPCNClsFindableMinusFound>, o2::aod::track::TPCNClsCrossedRows<o2::aod::track::TPCNClsFindable, o2::aod::track::TPCNClsFindableMinusCrossedRows>, o2::aod::track::ITSNCls<o2::aod::track::ITSClusterMap>, o2::aod::track::ITSNClsInnerBarrel<o2::aod::track::ITSClusterMap>, o2::aod::track::TPCCrossedRowsOverFindableCls<o2::aod::track::TPCNClsFindable, o2::aod::track::TPCNClsFindableMinusCrossedRows>, o2::aod::track::TPCFoundOverFindableCls<o2::aod::track::TPCNClsFindable, o2::aod::track::TPCNClsFindableMinusFound>, o2::aod::track::TPCFractionSharedCls<o2::aod::track::TPCNClsShared, o2::aod::track::TPCNClsFindable, o2::aod::track::TPCNClsFindableMinusFound>, o2::aod::track::TrackEtaEMCAL, o2::aod::track::TrackPhiEMCAL, o2::aod::track::TrackTime, o2::aod::track::TrackTimeRes> > >, o2::soa::Join<o2::aod::TracksCovExtension, o2::soa::Table<o2::aod::track::SigmaY, o2::aod::track::SigmaZ, o2::aod::track::SigmaSnp, o2::aod::track::SigmaTgl, o2::aod::track::Sigma1Pt, o2::aod::track::RhoZY, o2::aod::track::RhoSnpY, o2::aod::track::RhoSnpZ, o2::aod::track::RhoTglY, o2::aod::track::RhoTglZ, o2::aod::track::RhoTglSnp, o2::aod::track::Rho1PtY, o2::aod::track::Rho1PtZ, o2::aod::track::Rho1PtSnp, o2::aod::track::Rho1PtTgl> > >&, const V0Datas&, const CascGoodLambdas&, const CascGoodAntiLambdas&, const CascGoodPosTracks&, const CascGoodNegTracks&)':
/home/mjongerh/alice/sw/SOURCES/O2Physics/BsTasks/0/PWGLF/TableProducer/cascadefinder.cxx:210:26: warning: unused variable 'pVtx' [-Wunused-variable]
  210 |     std::array<float, 3> pVtx = {collision.posX(), collision.posY(), collision.posZ()};
      |                          ^~~~
[122/217] Building CXX object PWGHF/Tasks/CMakeFiles/O2Physicsexe-analysis-hf-task-bplus.dir/taskBPlus.cxx.o
[123/217] Building CXX object PWGHF/Tasks/CMakeFiles/O2Physicsexe-analysis-hf-task-bs.dir/taskBs.cxx.o
[124/217] Building CXX object PWGHF/TableProducer/CMakeFiles/O2Physicsexe-analysis-hf-d0-candidate-selector-parametrized-pid.dir/HFD0CandidateSelectorparametrizedPID.cxx.o
[125/217] Building CXX object PWGHF/TableProducer/CMakeFiles/O2Physicsexe-analysis-hf-tree-creator-d0-tokpi.dir/HFTreeCreatorD0ToKPi.cxx.o
[126/217] Building CXX object PWGHF/TableProducer/CMakeFiles/O2Physicsexe-analysis-hf-d0-candidate-selector-alice3-forward.dir/HFD0CandidateSelectorALICE3Forward.cxx.o
[127/217] Building CXX object PWGHF/TableProducer/CMakeFiles/O2Physicsexe-analysis-hf-lc-candidate-selector-alice3.dir/HFLcCandidateSelectorALICE3.cxx.o
[128/217] Building CXX object PWGHF/Tasks/CMakeFiles/O2Physicsexe-analysis-hf-task-lb.dir/taskLb.cxx.o
[129/217] Building CXX object PWGHF/TableProducer/CMakeFiles/O2Physicsexe-analysis-hf-track-index-skims-creator.dir/HFTrackIndexSkimsCreator.cxx.o
[130/217] Building CXX object PWGHF/TableProducer/CMakeFiles/O2Physicsexe-analysis-hf-tree-creator-lc-topkpi.dir/HFTreeCreatorLcToPKPi.cxx.o
[131/217] Building CXX object PWGHF/Tasks/CMakeFiles/O2Physicsexe-analysis-hf-qa-rejection.dir/qaPidRejection.cxx.o
[132/217] Building CXX object EventFiltering/CMakeFiles/O2Physicsexe-analysis-hf-filter.dir/PWGHF/HFFilter.cxx.o
ninja: build stopped: subcommand failed.
