Performing C SOURCE FILE Test CMAKE_HAVE_LIBC_PTHREAD failed with the following output:
Change Dir: /home/mjongerh/alice/sw/BUILD/ecf1a32c1de0b6e780c5989493fd1751c9ce8f91/ROOT/CMakeFiles/CMakeTmp

Run Build Command(s):/usr/bin/make cmTC_6524d/fast && /usr/bin/make  -f CMakeFiles/cmTC_6524d.dir/build.make CMakeFiles/cmTC_6524d.dir/build
make[1]: Entering directory '/home/mjongerh/alice/sw/BUILD/ecf1a32c1de0b6e780c5989493fd1751c9ce8f91/ROOT/CMakeFiles/CMakeTmp'
Building C object CMakeFiles/cmTC_6524d.dir/src.c.o
/usr/bin/cc -DCMAKE_HAVE_LIBC_PTHREAD   -o CMakeFiles/cmTC_6524d.dir/src.c.o -c /home/mjongerh/alice/sw/BUILD/ecf1a32c1de0b6e780c5989493fd1751c9ce8f91/ROOT/CMakeFiles/CMakeTmp/src.c
Linking C executable cmTC_6524d
/home/mjongerh/alice/sw/ubuntu2004_x86-64/CMake/v3.19.2-local1/bin/cmake -E cmake_link_script CMakeFiles/cmTC_6524d.dir/link.txt --verbose=1
/usr/bin/cc CMakeFiles/cmTC_6524d.dir/src.c.o -o cmTC_6524d 
/usr/bin/ld: CMakeFiles/cmTC_6524d.dir/src.c.o: in function `main':
src.c:(.text+0x46): undefined reference to `pthread_create'
/usr/bin/ld: src.c:(.text+0x52): undefined reference to `pthread_detach'
/usr/bin/ld: src.c:(.text+0x5e): undefined reference to `pthread_cancel'
/usr/bin/ld: src.c:(.text+0x6f): undefined reference to `pthread_join'
collect2: error: ld returned 1 exit status
make[1]: *** [CMakeFiles/cmTC_6524d.dir/build.make:106: cmTC_6524d] Error 1
make[1]: Leaving directory '/home/mjongerh/alice/sw/BUILD/ecf1a32c1de0b6e780c5989493fd1751c9ce8f91/ROOT/CMakeFiles/CMakeTmp'
make: *** [Makefile:140: cmTC_6524d/fast] Error 2


Source file was:
#include <pthread.h>

static void* test_func(void* data)
{
  return data;
}

int main(void)
{
  pthread_t thread;
  pthread_create(&thread, NULL, test_func, NULL);
  pthread_detach(thread);
  pthread_cancel(thread);
  pthread_join(thread, NULL);
  pthread_atfork(NULL, NULL, NULL);
  pthread_exit(NULL);

  return 0;
}

Determining if the function pthread_create exists in the pthreads failed with the following output:
Change Dir: /home/mjongerh/alice/sw/BUILD/ecf1a32c1de0b6e780c5989493fd1751c9ce8f91/ROOT/CMakeFiles/CMakeTmp

Run Build Command(s):/usr/bin/make cmTC_8e895/fast && /usr/bin/make  -f CMakeFiles/cmTC_8e895.dir/build.make CMakeFiles/cmTC_8e895.dir/build
make[1]: Entering directory '/home/mjongerh/alice/sw/BUILD/ecf1a32c1de0b6e780c5989493fd1751c9ce8f91/ROOT/CMakeFiles/CMakeTmp'
Building C object CMakeFiles/cmTC_8e895.dir/CheckFunctionExists.c.o
/usr/bin/cc   -DCHECK_FUNCTION_EXISTS=pthread_create -o CMakeFiles/cmTC_8e895.dir/CheckFunctionExists.c.o -c /home/mjongerh/alice/sw/ubuntu2004_x86-64/CMake/v3.19.2-local1/share/cmake-3.19/Modules/CheckFunctionExists.c
Linking C executable cmTC_8e895
/home/mjongerh/alice/sw/ubuntu2004_x86-64/CMake/v3.19.2-local1/bin/cmake -E cmake_link_script CMakeFiles/cmTC_8e895.dir/link.txt --verbose=1
/usr/bin/cc  -DCHECK_FUNCTION_EXISTS=pthread_create CMakeFiles/cmTC_8e895.dir/CheckFunctionExists.c.o -o cmTC_8e895  -lpthreads 
/usr/bin/ld: cannot find -lpthreads
collect2: error: ld returned 1 exit status
make[1]: *** [CMakeFiles/cmTC_8e895.dir/build.make:106: cmTC_8e895] Error 1
make[1]: Leaving directory '/home/mjongerh/alice/sw/BUILD/ecf1a32c1de0b6e780c5989493fd1751c9ce8f91/ROOT/CMakeFiles/CMakeTmp'
make: *** [Makefile:140: cmTC_8e895/fast] Error 2



